{"level":"info","message":"Server running on port 5000","timestamp":"2024-11-08T00:37:04.593Z"}
{"level":"info","message":"MongoDB connected","timestamp":"2024-11-08T00:37:05.132Z"}
{"level":"info","message":"Incoming Origin: http://localhost:3000","timestamp":"2024-11-08T00:37:19.066Z"}
{"level":"info","message":"Total users count retrieved successfully","timestamp":"2024-11-08T00:37:19.101Z","userCount":2}
{"level":"info","message":"::1 - - [08/Nov/2024:00:37:19 +0000] \"GET /api/users/count HTTP/1.1\" 200 16 \"http://localhost:3000/\" \"Mozilla/5.0 (X11; Linux aarch64) AppleWebKit/537.36 (KHTML, like Gecko) Chrome/88.0.4324.188 Safari/537.36 CrKey/1.54.250320\"","timestamp":"2024-11-08T00:37:19.105Z"}
{"level":"info","message":"Incoming Origin: http://localhost:3000","timestamp":"2024-11-08T00:37:19.112Z"}
{"level":"info","message":"Total users count retrieved successfully","timestamp":"2024-11-08T00:37:19.199Z","userCount":2}
{"level":"info","message":"::1 - - [08/Nov/2024:00:37:19 +0000] \"GET /api/users/count HTTP/1.1\" 304 - \"http://localhost:3000/\" \"Mozilla/5.0 (X11; Linux aarch64) AppleWebKit/537.36 (KHTML, like Gecko) Chrome/88.0.4324.188 Safari/537.36 CrKey/1.54.250320\"","timestamp":"2024-11-08T00:37:19.202Z"}
{"level":"info","message":"Server running on port 5000","timestamp":"2024-11-08T02:28:34.737Z"}
{"level":"info","message":"MongoDB connected","timestamp":"2024-11-08T02:28:35.264Z"}
{"level":"info","message":"Incoming Origin: http://localhost:3000","timestamp":"2024-11-08T02:28:55.125Z"}
{"level":"info","message":"Total users count retrieved successfully","timestamp":"2024-11-08T02:28:55.182Z","userCount":2}
{"level":"info","message":"::1 - - [08/Nov/2024:02:28:55 +0000] \"GET /api/users/count HTTP/1.1\" 304 - \"http://localhost:3000/\" \"Mozilla/5.0 (X11; Linux aarch64) AppleWebKit/537.36 (KHTML, like Gecko) Chrome/88.0.4324.188 Safari/537.36 CrKey/1.54.250320\"","timestamp":"2024-11-08T02:28:55.186Z"}
{"level":"info","message":"Incoming Origin: http://localhost:3000","timestamp":"2024-11-08T02:28:55.189Z"}
{"level":"info","message":"Total users count retrieved successfully","timestamp":"2024-11-08T02:28:55.213Z","userCount":2}
{"level":"info","message":"::1 - - [08/Nov/2024:02:28:55 +0000] \"GET /api/users/count HTTP/1.1\" 304 - \"http://localhost:3000/\" \"Mozilla/5.0 (X11; Linux aarch64) AppleWebKit/537.36 (KHTML, like Gecko) Chrome/88.0.4324.188 Safari/537.36 CrKey/1.54.250320\"","timestamp":"2024-11-08T02:28:55.214Z"}
{"level":"info","message":"Server running on port 5000","timestamp":"2024-11-08T03:05:51.755Z"}
{"level":"info","message":"MongoDB connected","timestamp":"2024-11-08T03:05:52.272Z"}
{"level":"info","message":"Incoming Origin: http://localhost:3000","timestamp":"2024-11-08T03:06:10.720Z"}
{"level":"info","message":"Total users count retrieved successfully","timestamp":"2024-11-08T03:06:10.761Z","userCount":2}
{"level":"info","message":"::1 - - [08/Nov/2024:03:06:10 +0000] \"GET /api/users/count HTTP/1.1\" 304 - \"http://localhost:3000/\" \"Mozilla/5.0 (X11; Linux aarch64) AppleWebKit/537.36 (KHTML, like Gecko) Chrome/88.0.4324.188 Safari/537.36 CrKey/1.54.250320\"","timestamp":"2024-11-08T03:06:10.768Z"}
{"level":"info","message":"Incoming Origin: http://localhost:3000","timestamp":"2024-11-08T03:06:10.769Z"}
{"level":"info","message":"Total users count retrieved successfully","timestamp":"2024-11-08T03:06:10.791Z","userCount":2}
{"level":"info","message":"::1 - - [08/Nov/2024:03:06:10 +0000] \"GET /api/users/count HTTP/1.1\" 304 - \"http://localhost:3000/\" \"Mozilla/5.0 (X11; Linux aarch64) AppleWebKit/537.36 (KHTML, like Gecko) Chrome/88.0.4324.188 Safari/537.36 CrKey/1.54.250320\"","timestamp":"2024-11-08T03:06:10.792Z"}
{"level":"info","message":"Server running on port 5000","timestamp":"2024-11-08T04:37:01.985Z"}
{"level":"info","message":"MongoDB connected","timestamp":"2024-11-08T04:37:02.781Z"}
{"level":"info","message":"Incoming Origin: http://localhost:3000","timestamp":"2024-11-08T04:37:20.531Z"}
{"level":"info","message":"Total users count retrieved successfully","timestamp":"2024-11-08T04:37:20.585Z","userCount":2}
{"level":"info","message":"::1 - - [08/Nov/2024:04:37:20 +0000] \"GET /api/users/count HTTP/1.1\" 304 - \"http://localhost:3000/\" \"Mozilla/5.0 (Macintosh; Intel Mac OS X 10_15_7) AppleWebKit/537.36 (KHTML, like Gecko) Chrome/130.0.0.0 Safari/537.36\"","timestamp":"2024-11-08T04:37:20.589Z"}
{"level":"info","message":"Incoming Origin: http://localhost:3000","timestamp":"2024-11-08T04:37:20.591Z"}
{"level":"info","message":"Total users count retrieved successfully","timestamp":"2024-11-08T04:37:20.622Z","userCount":2}
{"level":"info","message":"::1 - - [08/Nov/2024:04:37:20 +0000] \"GET /api/users/count HTTP/1.1\" 304 - \"http://localhost:3000/\" \"Mozilla/5.0 (Macintosh; Intel Mac OS X 10_15_7) AppleWebKit/537.36 (KHTML, like Gecko) Chrome/130.0.0.0 Safari/537.36\"","timestamp":"2024-11-08T04:37:20.623Z"}
{"level":"info","message":"Incoming Origin: http://localhost:3000","timestamp":"2024-11-08T04:46:16.080Z"}
{"level":"info","message":"Total users count retrieved successfully","timestamp":"2024-11-08T04:46:16.109Z","userCount":2}
{"level":"info","message":"::1 - - [08/Nov/2024:04:46:16 +0000] \"GET /api/users/count HTTP/1.1\" 304 - \"http://localhost:3000/\" \"Mozilla/5.0 (X11; Linux aarch64) AppleWebKit/537.36 (KHTML, like Gecko) Chrome/88.0.4324.188 Safari/537.36 CrKey/1.54.250320\"","timestamp":"2024-11-08T04:46:16.110Z"}
{"level":"info","message":"Incoming Origin: http://localhost:3000","timestamp":"2024-11-08T04:46:16.111Z"}
{"level":"info","message":"Total users count retrieved successfully","timestamp":"2024-11-08T04:46:16.133Z","userCount":2}
{"level":"info","message":"::1 - - [08/Nov/2024:04:46:16 +0000] \"GET /api/users/count HTTP/1.1\" 304 - \"http://localhost:3000/\" \"Mozilla/5.0 (X11; Linux aarch64) AppleWebKit/537.36 (KHTML, like Gecko) Chrome/88.0.4324.188 Safari/537.36 CrKey/1.54.250320\"","timestamp":"2024-11-08T04:46:16.135Z"}
{"level":"info","message":"Server running on port 5000","timestamp":"2024-11-08T05:09:49.814Z"}
{"level":"info","message":"MongoDB connected","timestamp":"2024-11-08T05:09:50.284Z"}
{"level":"info","message":"Incoming Origin: http://localhost:3000","timestamp":"2024-11-08T05:10:03.269Z"}
{"level":"info","message":"Total users count retrieved successfully","timestamp":"2024-11-08T05:10:03.303Z","userCount":2}
{"level":"info","message":"::1 - - [08/Nov/2024:05:10:03 +0000] \"GET /api/users/count HTTP/1.1\" 304 - \"http://localhost:3000/\" \"Mozilla/5.0 (X11; Linux aarch64) AppleWebKit/537.36 (KHTML, like Gecko) Chrome/88.0.4324.188 Safari/537.36 CrKey/1.54.250320\"","timestamp":"2024-11-08T05:10:03.307Z"}
{"level":"info","message":"Incoming Origin: http://localhost:3000","timestamp":"2024-11-08T05:10:03.308Z"}
{"level":"info","message":"Total users count retrieved successfully","timestamp":"2024-11-08T05:10:03.331Z","userCount":2}
{"level":"info","message":"::1 - - [08/Nov/2024:05:10:03 +0000] \"GET /api/users/count HTTP/1.1\" 304 - \"http://localhost:3000/\" \"Mozilla/5.0 (X11; Linux aarch64) AppleWebKit/537.36 (KHTML, like Gecko) Chrome/88.0.4324.188 Safari/537.36 CrKey/1.54.250320\"","timestamp":"2024-11-08T05:10:03.332Z"}
{"level":"info","message":"Incoming Origin: http://localhost:3000","timestamp":"2024-11-08T05:10:11.067Z"}
{"level":"info","message":"Total users count retrieved successfully","timestamp":"2024-11-08T05:10:11.192Z","userCount":2}
{"level":"info","message":"::1 - - [08/Nov/2024:05:10:11 +0000] \"GET /api/users/count HTTP/1.1\" 304 - \"http://localhost:3000/\" \"Mozilla/5.0 (X11; Linux aarch64) AppleWebKit/537.36 (KHTML, like Gecko) Chrome/88.0.4324.188 Safari/537.36 CrKey/1.54.250320\"","timestamp":"2024-11-08T05:10:11.194Z"}
{"level":"info","message":"Incoming Origin: http://localhost:3000","timestamp":"2024-11-08T05:10:11.195Z"}
{"level":"info","message":"Total users count retrieved successfully","timestamp":"2024-11-08T05:10:11.218Z","userCount":2}
{"level":"info","message":"::1 - - [08/Nov/2024:05:10:11 +0000] \"GET /api/users/count HTTP/1.1\" 304 - \"http://localhost:3000/\" \"Mozilla/5.0 (X11; Linux aarch64) AppleWebKit/537.36 (KHTML, like Gecko) Chrome/88.0.4324.188 Safari/537.36 CrKey/1.54.250320\"","timestamp":"2024-11-08T05:10:11.218Z"}
{"level":"info","message":"Incoming Origin: http://localhost:3000","timestamp":"2024-11-08T05:12:15.178Z"}
{"level":"info","message":"Total users count retrieved successfully","timestamp":"2024-11-08T05:12:15.213Z","userCount":2}
{"level":"info","message":"::1 - - [08/Nov/2024:05:12:15 +0000] \"GET /api/users/count HTTP/1.1\" 304 - \"http://localhost:3000/\" \"Mozilla/5.0 (X11; Linux aarch64) AppleWebKit/537.36 (KHTML, like Gecko) Chrome/88.0.4324.188 Safari/537.36 CrKey/1.54.250320\"","timestamp":"2024-11-08T05:12:15.217Z"}
{"level":"info","message":"Incoming Origin: http://localhost:3000","timestamp":"2024-11-08T05:12:15.220Z"}
{"level":"info","message":"Total users count retrieved successfully","timestamp":"2024-11-08T05:12:15.250Z","userCount":2}
{"level":"info","message":"::1 - - [08/Nov/2024:05:12:15 +0000] \"GET /api/users/count HTTP/1.1\" 304 - \"http://localhost:3000/\" \"Mozilla/5.0 (X11; Linux aarch64) AppleWebKit/537.36 (KHTML, like Gecko) Chrome/88.0.4324.188 Safari/537.36 CrKey/1.54.250320\"","timestamp":"2024-11-08T05:12:15.251Z"}
